<?xml version="1.0" encoding="UTF-8"?>
<testng-results skipped="0" failed="0" ignored="0" total="1" passed="1">
  <reporter-output>
  </reporter-output>
  <suite name="com.pluralsight.UnitTest" duration-ms="12055" started-at="2021-06-02T12:03:39 CDT" finished-at="2021-06-02T12:03:51 CDT">
    <groups>
    </groups>
    <test name="Command line test" duration-ms="12055" started-at="2021-06-02T12:03:39 CDT" finished-at="2021-06-02T12:03:51 CDT">
      <class name="com.pluralsight.UnitTest">
        <test-method status="PASS" signature="startUpBrowser()[pri:0, instance:com.pluralsight.UnitTest@53f0a4cb]" name="startUpBrowser" is-config="true" duration-ms="9" started-at="2021-06-02T12:03:39 CDT" finished-at="2021-06-02T12:03:39 CDT">
          <reporter-output>
          </reporter-output>
        </test-method> <!-- startUpBrowser -->
        <test-method status="PASS" signature="goToHomePage()[pri:0, instance:com.pluralsight.UnitTest@53f0a4cb]" name="goToHomePage" is-config="true" duration-ms="10107" started-at="2021-06-02T12:03:39 CDT" finished-at="2021-06-02T12:03:49 CDT">
          <reporter-output>
          </reporter-output>
        </test-method> <!-- goToHomePage -->
        <test-method status="PASS" signature="DemoEebsiteToPractice()[pri:0, instance:com.pluralsight.UnitTest@53f0a4cb]" name="DemoEebsiteToPractice" duration-ms="1933" started-at="2021-06-02T12:03:49 CDT" finished-at="2021-06-02T12:03:51 CDT">
          <reporter-output>
          </reporter-output>
        </test-method> <!-- DemoEebsiteToPractice -->
        <test-method status="PASS" signature="cleanUp()[pri:0, instance:com.pluralsight.UnitTest@53f0a4cb]" name="cleanUp" is-config="true" duration-ms="27" started-at="2021-06-02T12:03:51 CDT" finished-at="2021-06-02T12:03:51 CDT">
          <reporter-output>
          </reporter-output>
        </test-method> <!-- cleanUp -->
      </class> <!-- com.pluralsight.UnitTest -->
    </test> <!-- Command line test -->
  </suite> <!-- com.pluralsight.UnitTest -->
</testng-results>
